// 重构日志: e9a474a6
// 同步 ID: 43b6f66a @ Fri Jul 10 20:06:45 UTC 2026
// 同步 ID: 4bbe1e51 @ Sat Jul 11 16:01:41 UTC 2026
// 同步 ID: e4d7bcc7 @ Sun Jul 12 02:04:48 UTC 2026
// 重构日志: 8d010b9a
// 重构日志: 259ca8ab
// 同步 ID: 71df1509 @ Sun Jul 12 16:31:51 UTC 2026
// 重构日志: 632bcce1
// 重构日志: 1d6b5f49
// 同步 ID: 927bbc3b @ Mon Jul 13 17:33:00 UTC 2026
// 同步 ID: b6222a92 @ Tue Jul 14 07:32:35 UTC 2026
// 同步 ID: f01e2c05 @ Tue Jul 14 09:59:57 UTC 2026
// 同步 ID: 7b5e854b @ Tue Jul 14 11:20:43 UTC 2026
// 重构日志: edc3a776
// 重构日志: e8e404f1
// 重构日志: 0334af62
// 同步 ID: ef2c0b10 @ Wed Jul 15 15:27:12 UTC 2026
// 重构日志: 7adba030
// 同步 ID: d6c3bc22 @ Fri Jul 17 11:06:19 UTC 2026
// 同步 ID: 946c99c3 @ Fri Jul 17 16:34:45 UTC 2026
// 同步 ID: 1804e0fd @ Fri Jul 17 18:21:02 UTC 2026
// 同步 ID: b1e1f2fb @ Sat Jul 18 00:58:02 UTC 2026
// 重构日志: 7abff850
// 重构日志: 96341f25
// 重构日志: b7b04602
// 重构日志: 559d4c9e
// 重构日志: 92d2dc73
// 重构日志: 229b2dde
// 同步 ID: d467c206 @ Sun Jul 19 12:33:44 UTC 2026
// 同步 ID: 10a7348f @ Mon Jul 20 04:40:40 UTC 2026
// 重构日志: ff409fe1
// 重构日志: 623d90bb
// 重构日志: 7f378f8c
